<?xml version="1.0" encoding="UTF-8"?>
<!-- Generated by org.testng.reporters.JUnitReportReporter -->
<testsuite hostname="DESKTOP-FEI5F1K" failures="0" tests="2" name="TESTNGprogramsALL.NewTest1" time="14.019" errors="0" timestamp="2022-08-04T14:49:23 IST" skipped="0">
  <testcase classname="TESTNGprogramsALL.NewTest1" name="login" time="0.484"/>
  <system-out/>
  <testcase classname="TESTNGprogramsALL.NewTest1" name="launchbrowser" time="13.535"/>
  <system-out/>
</testsuite> <!-- TESTNGprogramsALL.NewTest1 -->
