<?xml version="1.0" encoding="UTF-8"?>
<!-- Generated by org.testng.reporters.JUnitReportReporter -->
<testsuite hostname="DESKTOP-FEI5F1K" failures="0" tests="1" name="TESTNGprogramsALL.parametersDemo" time="0.017" errors="0" timestamp="2022-08-05T15:25:10 IST" skipped="0">
  <testcase classname="TESTNGprogramsALL.parametersDemo" name="f" time="0.017"/>
  <system-out/>
</testsuite> <!-- TESTNGprogramsALL.parametersDemo -->
