<?xml version="1.0" encoding="UTF-8"?>
<!-- Generated by org.testng.reporters.JUnitReportReporter -->
<testsuite hostname="DESKTOP-FEI5F1K" failures="0" tests="2" name="TESTNGprogramsALL.HardSoftAssertPro" time="16.350" errors="0" timestamp="2022-08-09T17:30:55 IST" skipped="0">
  <testcase classname="TESTNGprogramsALL.HardSoftAssertPro" name="facebookLaunch1" time="7.653"/>
  <system-out/>
  <testcase classname="TESTNGprogramsALL.HardSoftAssertPro" name="launchKite" time="8.697"/>
  <system-out/>
</testsuite> <!-- TESTNGprogramsALL.HardSoftAssertPro -->
