<?xml version="1.0" encoding="UTF-8"?>
<!-- Generated by org.testng.reporters.JUnitReportReporter -->
<testsuite hostname="DESKTOP-FEI5F1K" failures="0" tests="2" name="TESTNGprogramsALL.Groupdependancy" time="0.017" errors="0" timestamp="2022-08-04T15:30:57 IST" skipped="0">
  <testcase classname="TESTNGprogramsALL.Groupdependancy" name="ViewAccount" time="0.002"/>
  <system-out/>
  <testcase classname="TESTNGprogramsALL.Groupdependancy" name="login" time="0.015"/>
  <system-out/>
</testsuite> <!-- TESTNGprogramsALL.Groupdependancy -->
