<?xml version="1.0" encoding="UTF-8"?>
<!-- Generated by org.testng.reporters.JUnitReportReporter -->
<testsuite hostname="DESKTOP-FEI5F1K" failures="0" tests="2" name="TESTNGprogramsALL.FBdataTEST" time="26.462" errors="0" timestamp="2022-08-05T21:31:45 IST" skipped="0">
  <testcase classname="TESTNGprogramsALL.FBdataTEST" name="fblogin" time="12.234"/>
  <system-out/>
  <testcase classname="TESTNGprogramsALL.FBdataTEST" name="fblogin" time="14.228"/>
  <system-out/>
</testsuite> <!-- TESTNGprogramsALL.FBdataTEST -->
