<?xml version="1.0" encoding="UTF-8"?>
<!-- Generated by org.testng.reporters.JUnitReportReporter -->
<testsuite hostname="DESKTOP-FEI5F1K" failures="0" tests="2" name="TESTNGprogramsALL.optionalparameter" time="0.021" errors="0" timestamp="2022-08-05T20:48:16 IST" skipped="0">
  <testcase classname="TESTNGprogramsALL.optionalparameter" name="opt" time="0.013"/>
  <system-out/>
  <testcase classname="TESTNGprogramsALL.optionalparameter" name="opt1" time="0.008"/>
  <system-out/>
</testsuite> <!-- TESTNGprogramsALL.optionalparameter -->
