<?xml version="1.0" encoding="UTF-8"?>
<!-- Generated by org.testng.reporters.JUnitReportReporter -->
<testsuite hostname="DESKTOP-FEI5F1K" failures="0" tests="3" name="TESTNGprogramsALL.indexassertreport" time="27.810" errors="0" timestamp="2022-08-09T17:47:30 IST" skipped="1">
  <testcase classname="TESTNGprogramsALL.indexassertreport" name="launchKite" time="14.721"/>
  <system-out/>
  <testcase classname="TESTNGprogramsALL.indexassertreport" name="facebookLaunch1" time="13.089"/>
  <system-out/>
  <testcase classname="TESTNGprogramsALL.indexassertreport" name="Skipmethod">
    <skipped/>
  </testcase> <!-- Skipmethod -->
  <system-out/>
</testsuite> <!-- TESTNGprogramsALL.indexassertreport -->
