<?xml version="1.0" encoding="UTF-8"?>
<!-- Generated by org.testng.reporters.JUnitReportReporter -->
<testsuite hostname="DESKTOP-FEI5F1K" failures="0" tests="5" name="TESTNGprogramsALL.DataparameterPROGRAM" time="0.033" errors="0" timestamp="2022-08-05T20:55:09 IST" skipped="0">
  <testcase classname="TESTNGprogramsALL.DataparameterPROGRAM" name="f" time="0.006"/>
  <system-out/>
  <testcase classname="TESTNGprogramsALL.DataparameterPROGRAM" name="f" time="0.002"/>
  <system-out/>
  <testcase classname="TESTNGprogramsALL.DataparameterPROGRAM" name="f" time="0.002"/>
  <system-out/>
  <testcase classname="TESTNGprogramsALL.DataparameterPROGRAM" name="f" time="0.005"/>
  <system-out/>
  <testcase classname="TESTNGprogramsALL.DataparameterPROGRAM" name="f" time="0.018"/>
  <system-out/>
</testsuite> <!-- TESTNGprogramsALL.DataparameterPROGRAM -->
