<?xml version="1.0" encoding="UTF-8"?>
<!-- Generated by org.testng.reporters.JUnitReportReporter -->
<testsuite hostname="DESKTOP-FEI5F1K" failures="0" tests="1" name="TESTNGprogramsALL.parameterMultiplication" time="0.004" errors="0" timestamp="2022-08-05T15:25:10 IST" skipped="0">
  <testcase classname="TESTNGprogramsALL.parameterMultiplication" name="mul" time="0.004"/>
  <system-out/>
</testsuite> <!-- TESTNGprogramsALL.parameterMultiplication -->
