<?xml version="1.0" encoding="UTF-8"?>
<!-- Generated by org.testng.reporters.JUnitReportReporter -->
<testsuite hostname="DESKTOP-FEI5F1K" failures="0" tests="2" name="TestNgPrograms.AnnotationTest" time="0.018" errors="0" timestamp="2022-08-04T09:20:31 IST" skipped="0">
  <testcase classname="TestNgPrograms.AnnotationTest" name="f" time="0.012"/>
  <system-out/>
  <testcase classname="TestNgPrograms.AnnotationTest" name="s" time="0.006"/>
  <system-out/>
</testsuite> <!-- TestNgPrograms.AnnotationTest -->
